#-----------------------------------------------------------
# Vivado v2018.2 (64-bit)
# SW Build 2258646 on Thu Jun 14 20:03:12 MDT 2018
# IP Build 2256618 on Thu Jun 14 22:10:49 MDT 2018
# Start of session at: Sun Nov  9 09:46:43 2025
# Process ID: 5784
# Current directory: C:/Users/user/Downloads/S3_07_DYLAN LIM_WEN JUN_WESLEY LOW_YEOH SOO_Archive.xpr/FDP
# Command line: vivado.exe -gui_launcher_event rodinguilauncherevent20076 C:\Users\user\Downloads\S3_07_DYLAN LIM_WEN JUN_WESLEY LOW_YEOH SOO_Archive.xpr\FDP\FDP.xpr
# Log file: C:/Users/user/Downloads/S3_07_DYLAN LIM_WEN JUN_WESLEY LOW_YEOH SOO_Archive.xpr/FDP/vivado.log
# Journal file: C:/Users/user/Downloads/S3_07_DYLAN LIM_WEN JUN_WESLEY LOW_YEOH SOO_Archive.xpr/FDP\vivado.jou
#-----------------------------------------------------------
start_gui
open_project {C:/Users/user/Downloads/S3_07_DYLAN LIM_WEN JUN_WESLEY LOW_YEOH SOO_Archive.xpr/FDP/FDP.xpr}
INFO: [ProjectBase 1-489] The host OS only allows 260 characters in a normal path. The project is stored in a path with more than 80 characters. If you experience issues with IP, Block Designs, or files not being found, please consider moving the project to a location with a shorter path. Alternately consider using the OS subst command to map part of the path to a drive letter.
Current project path is 'C:/Users/user/Downloads/S3_07_DYLAN LIM_WEN JUN_WESLEY LOW_YEOH SOO_Archive.xpr/FDP'
INFO: [Project 1-313] Project file moved from 'C:/Users/Wes/Desktop/alm_done/.Xil/Vivado-5136-WIN-PQ168B1S1K5/PrjAr/_X_' since last save.
CRITICAL WARNING: [Project 1-311] Could not find the file 'C:/Users/user/Downloads/S3_07_DYLAN LIM_WEN JUN_WESLEY LOW_YEOH SOO_Archive.xpr/FDP/FDP.srcs/sources_1/imports/Desktop/map_generator end detect/map_generator.srcs/sources_1/imports/Desktop/random_blob_generator/random_blob_generator.srcs/sources_1/new/randomiser.v', nor could it be found using path 'C:/Users/Wes/Desktop/alm_done/.Xil/Vivado-5136-WIN-PQ168B1S1K5/PrjAr/_X_/FDP.srcs/sources_1/imports/Desktop/map_generator end detect/map_generator.srcs/sources_1/imports/Desktop/random_blob_generator/random_blob_generator.srcs/sources_1/new/randomiser.v'.
Scanning sources...
Finished scanning sources
INFO: [IP_Flow 19-234] Refreshing IP repositories
INFO: [IP_Flow 19-1704] No user IP repositories specified
INFO: [IP_Flow 19-2313] Loaded Vivado IP repository 'C:/Xilinx/Vivado/2018.2/data/ip'.
open_project: Time (s): cpu = 00:00:11 ; elapsed = 00:00:09 . Memory (MB): peak = 812.305 ; gain = 109.258
update_compile_order -fileset sources_1
open_hw
connect_hw_server
INFO: [Labtools 27-2285] Connecting to hw_server url TCP:localhost:3121
INFO: [Labtools 27-2222] Launching hw_server...
INFO: [Labtools 27-2221] Launch Output:

****** Xilinx hw_server v2018.2
  **** Build date : Jun 14 2018-20:42:52
    ** Copyright 1986-2018 Xilinx, Inc. All Rights Reserved.


open_hw_target
INFO: [Labtoolstcl 44-466] Opening hw_target localhost:3121/xilinx_tcf/Digilent/210183BB4253A
set_property PROGRAM.FILE {C:/Users/user/Downloads/S3_07_DYLAN LIM_WEN JUN_WESLEY LOW_YEOH SOO_Archive.xpr/FDP/FDP.runs/impl_1/Top_Student.bit} [get_hw_devices xc7a35t_0]
current_hw_device [get_hw_devices xc7a35t_0]
refresh_hw_device -update_hw_probes false [lindex [get_hw_devices xc7a35t_0] 0]
INFO: [Labtools 27-1434] Device xc7a35t (JTAG device index = 0) is programmed with a design that has no supported debug core(s) in it.
WARNING: [Labtools 27-3361] The debug hub core was not detected.
Resolution: 
1. Make sure the clock connected to the debug hub (dbg_hub) core is a free running clock and is active.
2. Make sure the BSCAN_SWITCH_USER_MASK device property in Vivado Hardware Manager reflects the user scan chain setting in the design and refresh the device.  To determine the user scan chain setting in the design, open the implemented design and use 'get_property C_USER_SCAN_CHAIN [get_debug_cores dbg_hub]'.
For more details on setting the scan chain property, consult the Vivado Debug and Programming User Guide (UG908).
set_property PROBES.FILE {} [get_hw_devices xc7a35t_0]
set_property FULL_PROBES.FILE {} [get_hw_devices xc7a35t_0]
set_property PROGRAM.FILE {C:/Users/user/Downloads/S3_07_DYLAN LIM_WEN JUN_WESLEY LOW_YEOH SOO_Archive.xpr/FDP/FDP.runs/impl_1/Top_Student.bit} [get_hw_devices xc7a35t_0]
program_hw_devices [get_hw_devices xc7a35t_0]
INFO: [Labtools 27-3164] End of startup status: HIGH
refresh_hw_device [lindex [get_hw_devices xc7a35t_0] 0]
INFO: [Labtools 27-1434] Device xc7a35t (JTAG device index = 0) is programmed with a design that has no supported debug core(s) in it.
WARNING: [Labtools 27-3361] The debug hub core was not detected.
Resolution: 
1. Make sure the clock connected to the debug hub (dbg_hub) core is a free running clock and is active.
2. Make sure the BSCAN_SWITCH_USER_MASK device property in Vivado Hardware Manager reflects the user scan chain setting in the design and refresh the device.  To determine the user scan chain setting in the design, open the implemented design and use 'get_property C_USER_SCAN_CHAIN [get_debug_cores dbg_hub]'.
For more details on setting the scan chain property, consult the Vivado Debug and Programming User Guide (UG908).
close_hw
exit
INFO: [Common 17-206] Exiting Vivado at Sun Nov  9 12:09:34 2025...
