#-----------------------------------------------------------
# Vivado v2018.2 (64-bit)
# SW Build 2258646 on Thu Jun 14 20:03:12 MDT 2018
# IP Build 2256618 on Thu Jun 14 22:10:49 MDT 2018
# Start of session at: Mon Nov 10 11:01:58 2025
# Process ID: 9964
# Current directory: C:/Users/user/Downloads/S3_07_DYLAN LIM_WEN JUN_WESLEY LOW_YEOH SOO_Archive.xpr/FDP
# Command line: vivado.exe -gui_launcher_event rodinguilauncherevent2760 C:\Users\user\Downloads\S3_07_DYLAN LIM_WEN JUN_WESLEY LOW_YEOH SOO_Archive.xpr\FDP\FDP.xpr
# Log file: C:/Users/user/Downloads/S3_07_DYLAN LIM_WEN JUN_WESLEY LOW_YEOH SOO_Archive.xpr/FDP/vivado.log
# Journal file: C:/Users/user/Downloads/S3_07_DYLAN LIM_WEN JUN_WESLEY LOW_YEOH SOO_Archive.xpr/FDP\vivado.jou
#-----------------------------------------------------------
start_gui
open_project {C:/Users/user/Downloads/S3_07_DYLAN LIM_WEN JUN_WESLEY LOW_YEOH SOO_Archive.xpr/FDP/FDP.xpr}
INFO: [ProjectBase 1-489] The host OS only allows 260 characters in a normal path. The project is stored in a path with more than 80 characters. If you experience issues with IP, Block Designs, or files not being found, please consider moving the project to a location with a shorter path. Alternately consider using the OS subst command to map part of the path to a drive letter.
Current project path is 'C:/Users/user/Downloads/S3_07_DYLAN LIM_WEN JUN_WESLEY LOW_YEOH SOO_Archive.xpr/FDP'
CRITICAL WARNING: [Project 1-19] Could not find the file 'C:/Users/user/Downloads/S3_07_DYLAN LIM_WEN JUN_WESLEY LOW_YEOH SOO_Archive.xpr/FDP/FDP.srcs/sources_1/imports/Desktop/map_generator end detect/map_generator.srcs/sources_1/imports/Desktop/random_blob_generator/random_blob_generator.srcs/sources_1/new/randomiser.v'.
Scanning sources...
Finished scanning sources
INFO: [IP_Flow 19-234] Refreshing IP repositories
INFO: [IP_Flow 19-1704] No user IP repositories specified
INFO: [IP_Flow 19-2313] Loaded Vivado IP repository 'C:/Xilinx/Vivado/2018.2/data/ip'.
open_project: Time (s): cpu = 00:00:12 ; elapsed = 00:00:08 . Memory (MB): peak = 856.293 ; gain = 150.270
update_compile_order -fileset sources_1
exit
INFO: [Common 17-206] Exiting Vivado at Mon Nov 10 20:46:29 2025...
