Copyright 1986-2018 Xilinx, Inc. All Rights Reserved.
-------------------------------------------------------------------------------------------------------------------------------------------------------
| Tool Version     : Vivado v.2018.2 (win64) Build 2258646 Thu Jun 14 20:03:12 MDT 2018
| Date             : Sat Nov  8 23:42:41 2025
| Host             : WIN-PQ168B1S1K5 running 64-bit major release  (build 9200)
| Command          : report_power -file Top_Student_power_routed.rpt -pb Top_Student_power_summary_routed.pb -rpx Top_Student_power_routed.rpx
| Design           : Top_Student
| Device           : xc7a35tcpg236-1
| Design State     : routed
| Grade            : commercial
| Process          : typical
| Characterization : Production
-------------------------------------------------------------------------------------------------------------------------------------------------------

Power Report

Table of Contents
-----------------
1. Summary
1.1 On-Chip Components
1.2 Power Supply Summary
1.3 Confidence Level
2. Settings
2.1 Environment
2.2 Clock Constraints
3. Detailed Reports
3.1 By Hierarchy

1. Summary
----------

+--------------------------+--------------+
| Total On-Chip Power (W)  | 0.280        |
| Design Power Budget (W)  | Unspecified* |
| Power Budget Margin (W)  | NA           |
| Dynamic (W)              | 0.208        |
| Device Static (W)        | 0.072        |
| Effective TJA (C/W)      | 5.0          |
| Max Ambient (C)          | 83.6         |
| Junction Temperature (C) | 26.4         |
| Confidence Level         | Low          |
| Setting File             | ---          |
| Simulation Activity File | ---          |
| Design Nets Matched      | NA           |
+--------------------------+--------------+
* Specify Design Power Budget using, set_operating_conditions -design_power_budget <value in Watts>


1.1 On-Chip Components
----------------------

+----------------+-----------+----------+-----------+-----------------+
| On-Chip        | Power (W) | Used     | Available | Utilization (%) |
+----------------+-----------+----------+-----------+-----------------+
| Clocks         |     0.005 |        3 |       --- |             --- |
| Slice Logic    |     0.097 |    28557 |       --- |             --- |
|   LUT as Logic |     0.085 |    19612 |     20800 |           94.29 |
|   CARRY4       |     0.012 |     3016 |      8150 |           37.01 |
|   Register     |    <0.001 |     1784 |     41600 |            4.29 |
|   BUFG         |    <0.001 |        4 |        32 |           12.50 |
|   F7/F8 Muxes  |    <0.001 |      840 |     32600 |            2.58 |
|   Others       |     0.000 |      173 |       --- |             --- |
| Signals        |     0.086 |    23609 |       --- |             --- |
| DSPs           |     0.018 |       30 |        90 |           33.33 |
| I/O            |     0.002 |       59 |       106 |           55.66 |
| Static Power   |     0.072 |          |           |                 |
| Total          |     0.280 |          |           |                 |
+----------------+-----------+----------+-----------+-----------------+


1.2 Power Supply Summary
------------------------

+-----------+-------------+-----------+-------------+------------+
| Source    | Voltage (V) | Total (A) | Dynamic (A) | Static (A) |
+-----------+-------------+-----------+-------------+------------+
| Vccint    |       1.000 |     0.216 |       0.206 |      0.010 |
| Vccaux    |       1.800 |     0.013 |       0.000 |      0.013 |
| Vcco33    |       3.300 |     0.001 |       0.000 |      0.001 |
| Vcco25    |       2.500 |     0.000 |       0.000 |      0.000 |
| Vcco18    |       1.800 |     0.000 |       0.000 |      0.000 |
| Vcco15    |       1.500 |     0.000 |       0.000 |      0.000 |
| Vcco135   |       1.350 |     0.000 |       0.000 |      0.000 |
| Vcco12    |       1.200 |     0.000 |       0.000 |      0.000 |
| Vccaux_io |       1.800 |     0.000 |       0.000 |      0.000 |
| Vccbram   |       1.000 |     0.000 |       0.000 |      0.000 |
| MGTAVcc   |       1.000 |     0.000 |       0.000 |      0.000 |
| MGTAVtt   |       1.200 |     0.000 |       0.000 |      0.000 |
| Vccadc    |       1.800 |     0.020 |       0.000 |      0.020 |
+-----------+-------------+-----------+-------------+------------+


1.3 Confidence Level
--------------------

+-----------------------------+------------+--------------------------------------------------------+--------------------------------------------------------------------------------------------------------------------+
| User Input Data             | Confidence | Details                                                | Action                                                                                                             |
+-----------------------------+------------+--------------------------------------------------------+--------------------------------------------------------------------------------------------------------------------+
| Design implementation state | High       | Design is routed                                       |                                                                                                                    |
| Clock nodes activity        | Low        | User specified less than 75% of clocks                 | Provide missing clock activity with a constraint file, simulation results or by editing the "By Clock Domain" view |
| I/O nodes activity          | Low        | More than 75% of inputs are missing user specification | Provide missing input activity with simulation results or by editing the "By Resource Type -> I/Os" view           |
| Internal nodes activity     | Medium     | User specified less than 25% of internal nodes         | Provide missing internal nodes activity with simulation results or by editing the "By Resource Type" views         |
| Device models               | High       | Device models are Production                           |                                                                                                                    |
|                             |            |                                                        |                                                                                                                    |
| Overall confidence level    | Low        |                                                        |                                                                                                                    |
+-----------------------------+------------+--------------------------------------------------------+--------------------------------------------------------------------------------------------------------------------+


2. Settings
-----------

2.1 Environment
---------------

+-----------------------+--------------------------+
| Ambient Temp (C)      | 25.0                     |
| ThetaJA (C/W)         | 5.0                      |
| Airflow (LFM)         | 250                      |
| Heat Sink             | medium (Medium Profile)  |
| ThetaSA (C/W)         | 4.6                      |
| Board Selection       | medium (10"x10")         |
| # of Board Layers     | 12to15 (12 to 15 Layers) |
| Board Temperature (C) | 25.0                     |
+-----------------------+--------------------------+


2.2 Clock Constraints
---------------------

+-------------+--------+-----------------+
| Clock       | Domain | Constraint (ns) |
+-------------+--------+-----------------+
| sys_clk_pin | clk    |            10.0 |
+-------------+--------+-----------------+


3. Detailed Reports
-------------------

3.1 By Hierarchy
----------------

+---------------------------+-----------+
| Name                      | Power (W) |
+---------------------------+-----------+
| Top_Student               |     0.208 |
|   PS2Clk_IOBUF_inst       |     0.000 |
|   PS2Data_IOBUF_inst      |     0.000 |
|   clk100hz                |    <0.001 |
|   clk10khz                |    <0.001 |
|   clk25mhz                |    <0.001 |
|   clk6p25mhz              |    <0.001 |
|   colourMenu              |    <0.001 |
|   endMenu                 |    <0.001 |
|   gameMenu                |     0.193 |
|     ballMovementSystemTop |     0.181 |
|       ball_ctrl           |     0.040 |
|         ball_in           |     0.040 |
|         friction_ctrl     |    <0.001 |
|           friction_inst   |    <0.001 |
|       coll_det            |    <0.001 |
|       collision_calc      |    <0.001 |
|       detector            |     0.002 |
|       display             |    <0.001 |
|         refresh_div       |    <0.001 |
|       map_gen             |     0.099 |
|         R1                |    <0.001 |
|         clk100k           |    <0.001 |
|         goal_map          |     0.042 |
|         grid              |     0.048 |
|       renderer            |     0.040 |
|         fric              |    <0.001 |
|         obs               |    <0.001 |
|         xy                |     0.040 |
|       tracker             |    <0.001 |
|     chargeDetails         |     0.000 |
|     ledCharging           |     0.004 |
|       pwm0                |    <0.001 |
|       pwm1                |    <0.001 |
|       pwm10               |    <0.001 |
|       pwm11               |    <0.001 |
|       pwm12               |    <0.001 |
|       pwm13               |    <0.001 |
|       pwm14               |    <0.001 |
|       pwm15               |    <0.001 |
|       pwm2                |    <0.001 |
|       pwm3                |    <0.001 |
|       pwm4                |    <0.001 |
|       pwm5                |    <0.001 |
|       pwm6                |    <0.001 |
|       pwm7                |    <0.001 |
|       pwm8                |    <0.001 |
|       pwm9                |    <0.001 |
|     u_secret              |     0.001 |
|       db_L                |    <0.001 |
|       db_R                |    <0.001 |
|       sdc                 |    <0.001 |
|   mouse_control           |     0.004 |
|     Inst_Ps2Interface     |     0.001 |
|   oled_disp               |    <0.001 |
|   startMenu               |    <0.001 |
+---------------------------+-----------+


